Sequential Outputs:

k=1

Accuracy: 8 errors out of 342 test images.
Sequential time: 1.941988


k=2

Accuracy: 6 errors out of 324 test images.
Sequential time: 2.043312


k=5

Accuracy: 1 errors out of 270 test images.
Sequential time: 2.252815


k=7

Accuracy: 0 errors out of 234 test images.
Sequential time: 2.405814


k=10

Accuracy: 0 errors out of 180 test images.
Sequential time: 2.589182


Parallel Outputs:

num_of_threads=1

k=1

Accuracy: 8 errors out of 342 test images.
Parallel time: 1.988175


k=2

Accuracy: 6 errors out of 324 test images.
Parallel time: 2.082405


k=5

Accuracy: 1 errors out of 270 test images.
Parallel time: 2.322126


k=7

Accuracy: 0 errors out of 234 test images.
Parallel time: 2.472028


k=10

Accuracy: 0 errors out of 180 test images.
Parallel time: 2.675208


num_of_threads=2

k=1

Accuracy: 8 errors out of 342 test images.
Parallel time: 2.130812


k=2

Accuracy: 6 errors out of 324 test images.
Parallel time: 2.204511


k=5

Accuracy: 1 errors out of 270 test images.
Parallel time: 2.486134


k=7

Accuracy: 0 errors out of 234 test images.
Parallel time: 3.107221


k=10

Accuracy: 0 errors out of 180 test images.
Parallel time: 3.316735


num_of_threads=4

k=1

Accuracy: 8 errors out of 342 test images.
Parallel time: 2.250384


k=2

Accuracy: 6 errors out of 324 test images.
Parallel time: 2.242204


k=5

Accuracy: 1 errors out of 270 test images.
Parallel time: 2.510097


k=7

Accuracy: 0 errors out of 234 test images.
Parallel time: 2.643866


k=10

Accuracy: 0 errors out of 180 test images.
Parallel time: 2.915273


num_of_threads=6

k=1

Accuracy: 8 errors out of 342 test images.
Parallel time: 2.128651


k=2

Accuracy: 6 errors out of 324 test images.
Parallel time: 2.210017


k=5

Accuracy: 1 errors out of 270 test images.
Parallel time: 2.442870


k=7

Accuracy: 0 errors out of 234 test images.
Parallel time: 2.642531


k=10

Accuracy: 0 errors out of 180 test images.
Parallel time: 2.876362


num_of_threads=8

k=1

Accuracy: 8 errors out of 342 test images.
Parallel time: 2.139720


k=2

Accuracy: 6 errors out of 324 test images.
Parallel time: 2.446909


k=5

Accuracy: 1 errors out of 270 test images.
Parallel time: 2.482447


k=7

Accuracy: 0 errors out of 234 test images.
Parallel time: 2.627914


k=10

Accuracy: 0 errors out of 180 test images.
Parallel time: 2.904490


num_of_threads=16

k=1

Accuracy: 8 errors out of 342 test images.
Parallel time: 2.157500


k=2

Accuracy: 6 errors out of 324 test images.
Parallel time: 2.247126


k=5

Accuracy: 1 errors out of 270 test images.
Parallel time: 2.849831


k=7

Accuracy: 0 errors out of 234 test images.
Parallel time: 3.259489


k=10

Accuracy: 0 errors out of 180 test images.
Parallel time: 3.437989


